[2018-03-07 00:40:45]	Cannot open file 
[2018-03-07 00:40:45]	E:\毕设\NLPIR_Test\Data\KeyBlackList.pdat
[2018-03-07 00:40:45]	Failed Open file Failed Open file 
[2018-03-07 00:40:45]	Error read file
[2018-03-07 00:40:45]	E:\姣璁\NLPIR_Test\source\userdic.txt
[2018-03-07 00:40:45]	Error read file
[2018-03-07 00:40:45]	d:\1.txt
[2018-03-07 00:49:02]	Cannot open file 
[2018-03-07 00:49:02]	E:\毕设\NLPIR_Test\Data\KeyBlackList.pdat
[2018-03-07 00:49:02]	Failed Open file Failed Open file 
[2018-03-07 00:49:02]	Error read file
[2018-03-07 00:49:02]	E:\姣璁\NLPIR_Test\source\userdic.txt
[2018-03-07 00:49:02]	Error read file
[2018-03-07 00:49:02]	d:\1.txt
[2018-03-07 00:49:21]	Cannot open file 
[2018-03-07 00:49:21]	E:\毕设\NLPIR_Test\Data\KeyBlackList.pdat
[2018-03-07 00:50:27]	Cannot open file 
[2018-03-07 00:50:27]	E:\毕设\NLPIR_Test\Data\KeyBlackList.pdat
[2018-03-07 00:55:39]	Failed Open file Failed Open file 
[2018-03-07 00:55:39]	Error read file
[2018-03-07 00:55:39]	E:\姣璁\NLPIR_Test\source\userdic.txt
[2018-03-07 00:55:39]	Error read file
[2018-03-07 00:55:39]	d:\1.txt
[2018-03-07 00:55:55]	Cannot open file 
[2018-03-07 00:55:55]	E:\毕设\NLPIR_Test\Data\KeyBlackList.pdat
[2018-03-07 00:56:26]	Failed Open file Failed Open file 
[2018-03-07 00:56:26]	Error read file
[2018-03-07 00:56:26]	E:\姣璁\NLPIR_Test\source\userdic.txt
[2018-03-07 00:56:26]	Error read file
[2018-03-07 00:56:26]	d:\1.txt
[2018-03-07 00:56:48]	Cannot open file 
[2018-03-07 00:56:48]	E:\毕设\NLPIR_Test\Data\KeyBlackList.pdat
[2018-03-07 00:56:48]	Failed Open file Failed Open file 
[2018-03-07 00:56:48]	Error read file
[2018-03-07 00:56:48]	E:\姣璁\NLPIR_Test\source\userdic.txt
[2018-03-07 00:56:48]	Error read file
[2018-03-07 00:56:48]	d:\1.txt
[2018-03-07 00:58:35]	Cannot open file 
[2018-03-07 00:58:35]	E:\毕设\NLPIR_Test\Data\KeyBlackList.pdat
[2018-03-07 00:58:35]	Failed Open file Failed Open file 
[2018-03-07 00:58:35]	Error read file
[2018-03-07 00:58:35]	E:\姣璁\NLPIR_Test\source\userdic.txt
[2018-03-07 00:58:35]	Error read file
[2018-03-07 00:58:35]	d:\1.txt
[2018-03-07 00:59:02]	Cannot open file 
[2018-03-07 00:59:02]	E:\毕设\NLPIR_Test\Data\KeyBlackList.pdat
[2018-03-07 00:59:02]	Failed Open file Failed Open file 
[2018-03-07 00:59:02]	Error read file
[2018-03-07 00:59:02]	E:\姣璁\NLPIR_Test\source\userdic.txt
[2018-03-07 00:59:02]	Error read file
[2018-03-07 00:59:02]	d:\1.txt
[2018-03-07 00:59:33]	Cannot open file 
[2018-03-07 00:59:33]	E:\毕设\NLPIR_Test\Data\KeyBlackList.pdat
[2018-03-07 00:59:33]	Failed Open file Failed Open file 
[2018-03-07 00:59:33]	Error read file
[2018-03-07 00:59:33]	E:\姣璁\NLPIR_Test\source\userdic.txt
[2018-03-07 00:59:33]	Error read file
[2018-03-07 00:59:33]	d:\1.txt
[2018-03-07 01:00:39]	Cannot open file 
[2018-03-07 01:00:39]	E:\毕设\NLPIR_Test\Data\KeyBlackList.pdat
[2018-03-07 01:00:39]	Failed Open file Failed Open file 
[2018-03-07 01:00:39]	Error read file
[2018-03-07 01:00:39]	E:\姣璁\NLPIR_Test\source\userdic.txt
[2018-03-07 01:00:39]	Error read file
[2018-03-07 01:00:39]	d:\1.txt
[2018-03-07 01:01:15]	Cannot open file 
[2018-03-07 01:01:15]	E:\毕设\NLPIR_Test\Data\KeyBlackList.pdat
[2018-03-07 01:01:15]	Failed Open file Failed Open file 
[2018-03-07 01:01:15]	Error read file
[2018-03-07 01:01:15]	E:\姣璁\NLPIR_Test\source\userdic.txt
[2018-03-07 01:01:15]	Error read file
[2018-03-07 01:01:15]	d:\1.txt
[2018-03-07 01:02:29]	Cannot open file 
[2018-03-07 01:02:29]	E:\毕设\NLPIR_Test\Data\KeyBlackList.pdat
[2018-03-07 01:02:29]	Failed Open file Failed Open file 
[2018-03-07 01:02:29]	Error read file
[2018-03-07 01:02:29]	E:\姣璁\NLPIR_Test\source\userdic.txt
[2018-03-07 01:02:29]	Error read file
[2018-03-07 01:02:29]	d:\1.txt
[2018-03-07 01:06:55]	Cannot open file 
[2018-03-07 01:06:55]	E:\毕设\NLPIR_Test\Data\KeyBlackList.pdat
[2018-03-07 01:06:55]	Failed Open file Failed Open file 
[2018-03-07 01:06:55]	Error read file
[2018-03-07 01:06:55]	E:\姣璁\NLPIR_Test\source\userdic.txt
[2018-03-07 01:06:55]	Error read file
[2018-03-07 01:06:55]	d:\1.txt
[2018-03-07 01:17:11]	Cannot open file 
[2018-03-07 01:17:11]	E:\毕设\NLPIR_Test\Data\KeyBlackList.pdat
[2018-03-07 01:17:11]	Failed Open file Failed Open file 
[2018-03-07 01:17:11]	Error read file
[2018-03-07 01:17:11]	E:\姣璁\NLPIR_Test\source\userdic.txt
[2018-03-07 01:17:11]	Error read file
[2018-03-07 01:17:11]	d:\1.txt
[2018-03-07 09:20:26]	Cannot open file 
[2018-03-07 09:20:26]	E:\毕设\words\Data\KeyBlackList.pdat
[2018-03-07 09:20:27]	Failed Open file Failed Open file 
[2018-03-07 09:20:27]	Error read file
[2018-03-07 09:20:27]	E:\姣璁\words\source\userdic.txt
[2018-03-07 09:20:27]	Error read file
[2018-03-07 09:20:27]	d:\1.txt
[2018-03-07 10:33:37]	Cannot open file 
[2018-03-07 10:33:37]	E:\毕设\words\Data\KeyBlackList.pdat
[2018-03-07 10:34:54]	Cannot open file 
[2018-03-07 10:34:54]	E:\毕设\words\Data\KeyBlackList.pdat
[2018-03-07 10:41:45]	Cannot open file 
[2018-03-07 10:41:45]	E:\毕设\words\Data\KeyBlackList.pdat
[2018-03-07 10:43:14]	Cannot open file 
[2018-03-07 10:43:14]	E:\毕设\words\Data\KeyBlackList.pdat
[2018-03-07 10:43:18]	Cannot open file 
[2018-03-07 10:43:18]	E:\毕设\words\Data\KeyBlackList.pdat
[2018-03-07 10:43:35]	Cannot open file 
[2018-03-07 10:43:35]	E:\毕设\words\Data\KeyBlackList.pdat
[2018-03-07 10:43:41]	Cannot open file 
[2018-03-07 10:43:41]	E:\毕设\words\Data\KeyBlackList.pdat
[2018-03-07 10:43:54]	Cannot open file 
[2018-03-07 10:43:54]	E:\毕设\words\Data\KeyBlackList.pdat
[2018-03-07 10:44:04]	Cannot open file 
[2018-03-07 10:44:04]	E:\毕设\words\Data\KeyBlackList.pdat
[2018-03-07 10:46:54]	Cannot open file 
[2018-03-07 10:46:54]	E:\毕设\words\Data\KeyBlackList.pdat
[2018-03-07 10:47:14]	Cannot open file 
[2018-03-07 10:47:14]	E:\毕设\words\Data\KeyBlackList.pdat
[2018-03-07 10:47:35]	Cannot open file 
[2018-03-07 10:47:35]	E:\毕设\words\Data\KeyBlackList.pdat
[2018-03-07 15:52:23]	Cannot open file 
[2018-03-07 15:52:23]	E:\毕设\words\Data\KeyBlackList.pdat
[2018-03-07 15:52:46]	Cannot open file 
[2018-03-07 15:52:46]	E:\毕设\words\Data\KeyBlackList.pdat
